Using launch settings from /home/sary/dotnet/Backend/Properties/launchSettings.json...
Building...
info: Microsoft.EntityFrameworkCore.Database.Command[20101]
      Executed DbCommand (15ms) [Parameters=[], CommandType='Text', CommandTimeout='30']
      SELECT EXISTS (
          SELECT 1
          FROM "ParametresFiscaux" AS "p"
          WHERE NOT ("p"."IsDeleted"))
info: Microsoft.EntityFrameworkCore.Database.Command[20101]
      Executed DbCommand (0ms) [Parameters=[], CommandType='Text', CommandTimeout='30']
      SELECT EXISTS (
          SELECT 1
          FROM "Clients" AS "c"
          WHERE NOT ("c"."IsDeleted"))
info: Microsoft.EntityFrameworkCore.Database.Command[20101]
      Executed DbCommand (0ms) [Parameters=[], CommandType='Text', CommandTimeout='30']
      SELECT EXISTS (
          SELECT 1
          FROM "Produits" AS "p"
          WHERE NOT ("p"."IsDeleted"))
info: Microsoft.EntityFrameworkCore.Database.Command[20101]
      Executed DbCommand (0ms) [Parameters=[], CommandType='Text', CommandTimeout='30']
      SELECT EXISTS (
          SELECT 1
          FROM "Factures" AS "f"
          WHERE NOT ("f"."IsDeleted"))
info: Microsoft.Hosting.Lifetime[14]
      Now listening on: http://localhost:5145
info: Microsoft.Hosting.Lifetime[0]
      Application started. Press Ctrl+C to shut down.
info: Microsoft.Hosting.Lifetime[0]
      Hosting environment: Development
info: Microsoft.Hosting.Lifetime[0]
      Content root path: /home/sary/dotnet/Backend
warn: Microsoft.AspNetCore.HttpsPolicy.HttpsRedirectionMiddleware[3]
      Failed to determine the https port for redirect.
info: Microsoft.EntityFrameworkCore.Database.Command[20101]
      Executed DbCommand (0ms) [Parameters=[], CommandType='Text', CommandTimeout='30']
      SELECT "c"."Id", "c"."Adresse", "c"."DateCreation", "c"."Email", "c"."IsDeleted", "c"."MatriculeFiscal", "c"."Nom", "c"."Prenom", "c"."Telephone"
      FROM "Clients" AS "c"
      WHERE NOT ("c"."IsDeleted")
info: Microsoft.EntityFrameworkCore.Database.Command[20101]
      Executed DbCommand (0ms) [Parameters=[], CommandType='Text', CommandTimeout='30']
      SELECT "p"."Id", "p"."Actif", "p"."IsDeleted", "p"."Nom", "p"."PrixUnitaireHT", "p"."SeuilAlerte", "p"."StockActuel", "p"."TauxTVA"
      FROM "Produits" AS "p"
      WHERE NOT ("p"."IsDeleted")
info: Microsoft.EntityFrameworkCore.Database.Command[20101]
      Executed DbCommand (1ms) [Parameters=[], CommandType='Text', CommandTimeout='30']
      SELECT "f"."Id", "f"."ClientId", "f"."DateFacture", "f"."IsDeleted", "f"."Numero", "f"."Statut", "f"."TimbreFiscal", "f"."TotalHT", "f"."TotalTTC", "f"."TotalTVA", "c0"."Id", "c0"."Adresse", "c0"."DateCreation", "c0"."Email", "c0"."IsDeleted", "c0"."MatriculeFiscal", "c0"."Nom", "c0"."Prenom", "c0"."Telephone", "s"."Id", "s"."FactureId", "s"."IsDeleted", "s"."MontantHT", "s"."MontantTTC", "s"."MontantTVA", "s"."PrixUnitaireHT", "s"."ProduitId", "s"."Quantite", "s"."TauxTVA", "s"."Id0", "s"."Actif", "s"."IsDeleted0", "s"."Nom", "s"."PrixUnitaireHT0", "s"."SeuilAlerte", "s"."StockActuel", "s"."TauxTVA0"
      FROM "Factures" AS "f"
      INNER JOIN (
          SELECT "c"."Id", "c"."Adresse", "c"."DateCreation", "c"."Email", "c"."IsDeleted", "c"."MatriculeFiscal", "c"."Nom", "c"."Prenom", "c"."Telephone"
          FROM "Clients" AS "c"
          WHERE NOT ("c"."IsDeleted")
      ) AS "c0" ON "f"."ClientId" = "c0"."Id"
      LEFT JOIN (
          SELECT "l"."Id", "l"."FactureId", "l"."IsDeleted", "l"."MontantHT", "l"."MontantTTC", "l"."MontantTVA", "l"."PrixUnitaireHT", "l"."ProduitId", "l"."Quantite", "l"."TauxTVA", "p0"."Id" AS "Id0", "p0"."Actif", "p0"."IsDeleted" AS "IsDeleted0", "p0"."Nom", "p0"."PrixUnitaireHT" AS "PrixUnitaireHT0", "p0"."SeuilAlerte", "p0"."StockActuel", "p0"."TauxTVA" AS "TauxTVA0"
          FROM "LigneFactures" AS "l"
          INNER JOIN (
              SELECT "p"."Id", "p"."Actif", "p"."IsDeleted", "p"."Nom", "p"."PrixUnitaireHT", "p"."SeuilAlerte", "p"."StockActuel", "p"."TauxTVA"
              FROM "Produits" AS "p"
              WHERE NOT ("p"."IsDeleted")
          ) AS "p0" ON "l"."ProduitId" = "p0"."Id"
          WHERE NOT ("l"."IsDeleted")
      ) AS "s" ON "f"."Id" = "s"."FactureId"
      WHERE NOT ("f"."IsDeleted")
      ORDER BY "f"."Id", "c0"."Id", "s"."Id"
info: Microsoft.EntityFrameworkCore.Database.Command[20101]
      Executed DbCommand (9ms) [Parameters=[], CommandType='Text', CommandTimeout='30']
      SELECT COALESCE(ef_sum("f"."TotalTTC"), '0.0')
      FROM "Factures" AS "f"
      WHERE NOT ("f"."IsDeleted") AND "f"."Statut" IN ('Validée', 'Payée')
info: Microsoft.EntityFrameworkCore.Database.Command[20101]
      Executed DbCommand (0ms) [Parameters=[], CommandType='Text', CommandTimeout='30']
      SELECT COALESCE(ef_sum("f"."TotalTVA"), '0.0')
      FROM "Factures" AS "f"
      WHERE NOT ("f"."IsDeleted") AND "f"."Statut" IN ('Validée', 'Payée')
info: Microsoft.EntityFrameworkCore.Database.Command[20101]
      Executed DbCommand (0ms) [Parameters=[], CommandType='Text', CommandTimeout='30']
      SELECT COUNT(*)
      FROM "Factures" AS "f"
      WHERE NOT ("f"."IsDeleted") AND "f"."Statut" IN ('Validée', 'Payée')
info: Microsoft.EntityFrameworkCore.Database.Command[20101]
      Executed DbCommand (0ms) [Parameters=[], CommandType='Text', CommandTimeout='30']
      SELECT COUNT(*)
      FROM "Produits" AS "p"
      WHERE NOT ("p"."IsDeleted") AND "p"."StockActuel" <= "p"."SeuilAlerte"
info: Microsoft.EntityFrameworkCore.Database.Command[20101]
      Executed DbCommand (4ms) [Parameters=[@p='?' (DbType = Int32)], CommandType='Text', CommandTimeout='30']
      SELECT "s"."Key" AS "ProductName", COALESCE(SUM("s"."Quantite"), 0) AS "TotalSold", COALESCE(ef_sum("s"."MontantTTC"), '0.0') AS "TotalRevenue"
      FROM (
          SELECT "l"."MontantTTC", "l"."Quantite", "p0"."Nom" AS "Key"
          FROM "LigneFactures" AS "l"
          INNER JOIN (
              SELECT "f"."Id", "f"."Statut"
              FROM "Factures" AS "f"
              WHERE NOT ("f"."IsDeleted")
          ) AS "f0" ON "l"."FactureId" = "f0"."Id"
          INNER JOIN (
              SELECT "p"."Id", "p"."Nom"
              FROM "Produits" AS "p"
              WHERE NOT ("p"."IsDeleted")
          ) AS "p0" ON "l"."ProduitId" = "p0"."Id"
          WHERE NOT ("l"."IsDeleted") AND "f0"."Statut" IN ('Validée', 'Payée')
      ) AS "s"
      GROUP BY "s"."Key"
      ORDER BY COALESCE(ef_sum("s"."MontantTTC"), '0.0') COLLATE EF_DECIMAL DESC
      LIMIT @p
info: Microsoft.EntityFrameworkCore.Database.Command[20101]
      Executed DbCommand (3ms) [Parameters=[@sixMonthsAgo='?' (DbType = DateTime)], CommandType='Text', CommandTimeout='30']
      SELECT "f0"."Month", "f0"."Year", COALESCE(ef_sum("f0"."TotalTTC"), '0.0')
      FROM (
          SELECT "f"."TotalTTC", CAST(strftime('%Y', "f"."DateFacture") AS INTEGER) AS "Year", CAST(strftime('%m', "f"."DateFacture") AS INTEGER) AS "Month"
          FROM "Factures" AS "f"
          WHERE NOT ("f"."IsDeleted") AND "f"."Statut" IN ('Validée', 'Payée') AND "f"."DateFacture" >= @sixMonthsAgo
      ) AS "f0"
      GROUP BY "f0"."Year", "f0"."Month"
